<?xml version="1.0" encoding="UTF-8"?>
<!-- Generated by org.testng.reporters.JUnitReportReporter -->
<testsuite skipped="0" hostname="LAPTOP-N20DUSAV" name="com.app.runners.CukesRunner" tests="1" failures="0" timestamp="21 Mar 2018 00:43:55 GMT" time="0.015" errors="1">
  <testcase name="runScenario" time="0.015" classname="com.app.runners.CukesRunner">
    <error/>
  </testcase> <!-- runScenario -->
</testsuite> <!-- com.app.runners.CukesRunner -->
