<?xml version="1.0" encoding="UTF-8"?>
<!-- Generated by org.testng.reporters.JUnitReportReporter -->
<testsuite skipped="0" hostname="LAPTOP-N20DUSAV" name="com.app.runners.CukesRunner" tests="1" failures="0" timestamp="22 Mar 2018 20:09:23 GMT" time="28.003" errors="0">
  <testcase name="runScenario" time="28.003" classname="com.app.runners.CukesRunner"/>
</testsuite> <!-- com.app.runners.CukesRunner -->
